<?xml version="1.0" encoding="UTF-8"?>
<!-- Generated by org.testng.reporters.JUnitXMLReporter -->
<testsuite ignored="0" hostname="LAPTOP-NPEQ6NRP" failures="2" tests="11" name="Surefire test" time="295.919" errors="0" timestamp="2025-05-23T17:32:03 IST">
  <testcase classname="packageofairindiaproject.Airindia_Project.TestCase1_Registration_Airindia" name="new_registration" time="35.3"/>
  <testcase classname="packageofairindiaproject.Airindia_Project.TestCase2_Login_ValidCredentials" name="loginwithvalidcredentials" time="6.837"/>
  <testcase classname="packageofairindiaproject.Airindia_Project.TestCase3_Login_InvalidCredentials" name="invalidlogincredentails" time="7.897">
    <skipped/>
  </testcase> <!-- invalidlogincredentails -->
  <testcase classname="packageofairindiaproject.Airindia_Project.TestCase3_Login_InvalidCredentials" name="invalidlogincredentails" time="8.322">
    <skipped/>
  </testcase> <!-- invalidlogincredentails -->
  <testcase classname="packageofairindiaproject.Airindia_Project.TestCase3_Login_InvalidCredentials" name="invalidlogincredentails" time="9.587">
    <failure type="org.openqa.selenium.NoSuchElementException" message="no such element: Unable to locate element: {&amp;quot;method&amp;quot;:&amp;quot;xpath&amp;quot;,&amp;quot;selector&amp;quot;:&amp;quot;//p[@class=&amp;apos;cabc5f3cc c2a5c4bc6&amp;apos;]&amp;quot;}
  (Session info: MicrosoftEdge=136.0.3240.76)
For documentation on this error, please visit: https://www.selenium.dev/documentation/webdriver/troubleshooting/errors#no-such-element-exception
Build info: version: &amp;apos;4.27.0&amp;apos;, revision: &amp;apos;d6e718d134&amp;apos;
System info: os.name: &amp;apos;Windows 11&amp;apos;, os.arch: &amp;apos;amd64&amp;apos;, os.version: &amp;apos;10.0&amp;apos;, java.version: &amp;apos;21.0.5&amp;apos;
Driver info: org.openqa.selenium.edge.EdgeDriver
Command: [0526a24da2e31a9293acc01d7b965827, findElement {using=xpath, value=//p[@class=&amp;apos;cabc5f3cc c2a5c4bc6&amp;apos;]}]
Capabilities {acceptInsecureCerts: false, browserName: MicrosoftEdge, browserVersion: 136.0.3240.76, fedcm:accounts: true, ms:edgeOptions: {debuggerAddress: localhost:64873}, msedge: {msedgedriverVersion: 136.0.3240.76 (77e9ec69748f..., userDataDir: C:\Users\lenovo\AppData\Loc...}, networkConnectionEnabled: false, pageLoadStrategy: normal, platformName: windows, proxy: Proxy(), se:cdp: ws://localhost:64873/devtoo..., se:cdpVersion: 136.0.3240.76, setWindowRect: true, strictFileInteractability: false, timeouts: {implicit: 0, pageLoad: 300000, script: 30000}, unhandledPromptBehavior: dismiss and notify, webauthn:extension:credBlob: true, webauthn:extension:largeBlob: true, webauthn:extension:minPinLength: true, webauthn:extension:prf: true, webauthn:virtualAuthenticators: true}
Session ID: 0526a24da2e31a9293acc01d7b965827">
      <![CDATA[org.openqa.selenium.NoSuchElementException: no such element: Unable to locate element: {"method":"xpath","selector":"//p[@class='cabc5f3cc c2a5c4bc6']"}
  (Session info: MicrosoftEdge=136.0.3240.76)
For documentation on this error, please visit: https://www.selenium.dev/documentation/webdriver/troubleshooting/errors#no-such-element-exception
Build info: version: '4.27.0', revision: 'd6e718d134'
System info: os.name: 'Windows 11', os.arch: 'amd64', os.version: '10.0', java.version: '21.0.5'
Driver info: org.openqa.selenium.edge.EdgeDriver
Command: [0526a24da2e31a9293acc01d7b965827, findElement {using=xpath, value=//p[@class='cabc5f3cc c2a5c4bc6']}]
Capabilities {acceptInsecureCerts: false, browserName: MicrosoftEdge, browserVersion: 136.0.3240.76, fedcm:accounts: true, ms:edgeOptions: {debuggerAddress: localhost:64873}, msedge: {msedgedriverVersion: 136.0.3240.76 (77e9ec69748f..., userDataDir: C:\Users\lenovo\AppData\Loc...}, networkConnectionEnabled: false, pageLoadStrategy: normal, platformName: windows, proxy: Proxy(), se:cdp: ws://localhost:64873/devtoo..., se:cdpVersion: 136.0.3240.76, setWindowRect: true, strictFileInteractability: false, timeouts: {implicit: 0, pageLoad: 300000, script: 30000}, unhandledPromptBehavior: dismiss and notify, webauthn:extension:credBlob: true, webauthn:extension:largeBlob: true, webauthn:extension:minPinLength: true, webauthn:extension:prf: true, webauthn:virtualAuthenticators: true}
Session ID: 0526a24da2e31a9293acc01d7b965827
at org.openqa.selenium.remote.ErrorCodec.decode(ErrorCodec.java:167)
at org.openqa.selenium.remote.codec.w3c.W3CHttpResponseCodec.decode(W3CHttpResponseCodec.java:138)
at org.openqa.selenium.remote.codec.w3c.W3CHttpResponseCodec.decode(W3CHttpResponseCodec.java:50)
at org.openqa.selenium.remote.HttpCommandExecutor.execute(HttpCommandExecutor.java:190)
at org.openqa.selenium.remote.service.DriverCommandExecutor.invokeExecute(DriverCommandExecutor.java:216)
at org.openqa.selenium.remote.service.DriverCommandExecutor.execute(DriverCommandExecutor.java:174)
at org.openqa.selenium.remote.RemoteWebDriver.execute(RemoteWebDriver.java:545)
at org.openqa.selenium.remote.ElementLocation$ElementFinder$2.findElement(ElementLocation.java:165)
at org.openqa.selenium.remote.ElementLocation.findElement(ElementLocation.java:59)
at org.openqa.selenium.remote.RemoteWebDriver.findElement(RemoteWebDriver.java:368)
at org.openqa.selenium.remote.RemoteWebDriver.findElement(RemoteWebDriver.java:362)
at org.openqa.selenium.support.pagefactory.DefaultElementLocator.findElement(DefaultElementLocator.java:68)
at org.openqa.selenium.support.pagefactory.internal.LocatingElementHandler.invoke(LocatingElementHandler.java:38)
at jdk.proxy2/jdk.proxy2.$Proxy10.getText(Unknown Source)
at packageofairindiaproject.Airindia_Project.Login_InvalidCredentialsPage.invalidloginmsg(Login_InvalidCredentialsPage.java:30)
at packageofairindiaproject.Airindia_Project.TestCase3_Login_InvalidCredentials.invalidlogincredentails(TestCase3_Login_InvalidCredentials.java:21)
at java.base/java.util.ArrayList.forEach(ArrayList.java:1596)
... Removed 33 stack frames]]>
    </failure>
  </testcase> <!-- invalidlogincredentails -->
  <testcase classname="packageofairindiaproject.Airindia_Project.TestCase4_Search_OneWay" name="searchonewayflight" time="15.05"/>
  <testcase classname="packageofairindiaproject.Airindia_Project.TestCase5_Search_TwoWays" name="searchroundtripflight" time="23.418"/>
  <testcase classname="packageofairindiaproject.Airindia_Project.TestCase6_Search_Class" name="searchroundtripflight" time="18.932"/>
  <testcase classname="packageofairindiaproject.Airindia_Project.TestCase7_Search_MultiCity" name="search_multicity" time="14.881">
    <skipped/>
  </testcase> <!-- search_multicity -->
  <testcase classname="packageofairindiaproject.Airindia_Project.TestCase7_Search_MultiCity" name="search_multicity" time="14.383">
    <skipped/>
  </testcase> <!-- search_multicity -->
  <testcase classname="packageofairindiaproject.Airindia_Project.TestCase7_Search_MultiCity" name="search_multicity" time="14.115">
    <failure type="java.lang.IndexOutOfBoundsException" message="Index 3 out of bounds for length 0">
      <![CDATA[java.lang.IndexOutOfBoundsException: Index 3 out of bounds for length 0
at java.base/jdk.internal.util.Preconditions.outOfBounds(Preconditions.java:100)
at java.base/jdk.internal.util.Preconditions.outOfBoundsCheckIndex(Preconditions.java:106)
at java.base/jdk.internal.util.Preconditions.checkIndex(Preconditions.java:302)
at java.base/java.util.Objects.checkIndex(Objects.java:385)
at java.base/java.util.ArrayList.get(ArrayList.java:427)
at org.openqa.selenium.support.pagefactory.internal.LocatingElementListHandler.invoke(LocatingElementListHandler.java:39)
at jdk.proxy2/jdk.proxy2.$Proxy11.get(Unknown Source)
at packageofairindiaproject.Airindia_Project.Search_FlightPage.multicity(Search_FlightPage.java:115)
at packageofairindiaproject.Airindia_Project.TestCase7_Search_MultiCity.search_multicity(TestCase7_Search_MultiCity.java:18)
at java.base/java.util.ArrayList.forEach(ArrayList.java:1596)
... Removed 32 stack frames]]>
    </failure>
  </testcase> <!-- search_multicity -->
</testsuite> <!-- Surefire test -->
