<!DOCTYPE html PUBLIC "-//W3C//DTD XHTML 1.1//EN" "https://www.w3.org/TR/xhtml11/DTD/xhtml11.dtd">
<html xmlns="https://www.w3.org/1999/xhtml">
<head>
<meta http-equiv="content-type" content="text/html; charset=UTF-8"/>
<title>TestNG Report</title>
<style type="text/css">table {margin-bottom:10px;border-collapse:collapse;empty-cells:show}th,td {border:1px solid #009;padding:.25em .5em}th {vertical-align:bottom}td {vertical-align:top}table a {font-weight:bold}.stripe td {background-color: #E6EBF9}.num {text-align:right}.passedodd td {background-color: #3F3}.passedeven td {background-color: #0A0}.skippedodd td {background-color: #DDD}.skippedeven td {background-color: #CCC}.failedodd td,.attn {background-color: #F33}.failedeven td,.stripe .attn {background-color: #D00}.stacktrace {white-space:pre;font-family:monospace}.totop {font-size:85%;text-align:center;border-bottom:2px solid #000}.invisible {display:none}</style>
</head>
<body>
<table>
<tr><th>Test</th><th># Passed</th><th># Skipped</th><th># Retried</th><th># Failed</th><th>Time (ms)</th><th>Included Groups</th><th>Excluded Groups</th></tr>
<tr><th colspan="8">Surefire suite</th></tr>
<tr><td><a href="#t0">Surefire test</a></td><td class="num">5</td><td class="num">0</td><td class="num attn">4</td><td class="num attn">2</td><td class="num">295,919</td><td></td><td></td></tr>
</table>
<table id='summary'><thead><tr><th>Class</th><th>Method</th><th>Start</th><th>Time (ms)</th></tr></thead><tbody><tr><th colspan="4">Surefire suite</th></tr></tbody><tbody id="t0"><tr><th colspan="4">Surefire test &#8212; failed</th></tr><tr class="failedeven"><td rowspan="1">packageofairindiaproject.Airindia_Project.TestCase3_Login_InvalidCredentials</td><td><a href="#m0">invalidlogincredentails</a></td><td rowspan="1">1748001542554</td><td rowspan="1">9587</td></tr><tr class="failedodd"><td rowspan="1">packageofairindiaproject.Airindia_Project.TestCase7_Search_MultiCity</td><td><a href="#m1">search_multicity</a></td><td rowspan="1">1748001706963</td><td rowspan="1">14115</td></tr><tr><th colspan="4">Surefire test &#8212; retried</th></tr><tr class="retriedeven"><td rowspan="2">packageofairindiaproject.Airindia_Project.TestCase3_Login_InvalidCredentials</td><td><a href="#m2">invalidlogincredentails</a></td><td rowspan="2">1748001521815</td><td rowspan="2">8322</td></tr><tr class="retriedeven"><td><a href="#m3">invalidlogincredentails</a></td></tr><tr class="retriedodd"><td rowspan="2">packageofairindiaproject.Airindia_Project.TestCase7_Search_MultiCity</td><td><a href="#m4">search_multicity</a></td><td rowspan="2">1748001681673</td><td rowspan="2">14383</td></tr><tr class="retriedodd"><td><a href="#m5">search_multicity</a></td></tr><tr><th colspan="4">Surefire test &#8212; passed</th></tr><tr class="passedeven"><td rowspan="1">packageofairindiaproject.Airindia_Project.TestCase1_Registration_Airindia</td><td><a href="#m6">new_registration</a></td><td rowspan="1">1748001438060</td><td rowspan="1">35300</td></tr><tr class="passedodd"><td rowspan="1">packageofairindiaproject.Airindia_Project.TestCase2_Login_ValidCredentials</td><td><a href="#m7">loginwithvalidcredentials</a></td><td rowspan="1">1748001485153</td><td rowspan="1">6837</td></tr><tr class="passedeven"><td rowspan="1">packageofairindiaproject.Airindia_Project.TestCase4_Search_OneWay</td><td><a href="#m8">searchonewayflight</a></td><td rowspan="1">1748001563264</td><td rowspan="1">15050</td></tr><tr class="passedodd"><td rowspan="1">packageofairindiaproject.Airindia_Project.TestCase5_Search_TwoWays</td><td><a href="#m9">searchroundtripflight</a></td><td rowspan="1">1748001589900</td><td rowspan="1">23418</td></tr><tr class="passedeven"><td rowspan="1">packageofairindiaproject.Airindia_Project.TestCase6_Search_Class</td><td><a href="#m10">searchroundtripflight</a></td><td rowspan="1">1748001625162</td><td rowspan="1">18932</td></tr></tbody>
</table>
<h2>Surefire test</h2><h3 id="m0">packageofairindiaproject.Airindia_Project.TestCase3_Login_InvalidCredentials#invalidlogincredentails</h3><table class="result"><tr><th>Messages</th></tr><tr><td><div class="messages">Testcase is failed</div></td></tr><tr><th>Exception</th></tr><tr><td><div class="stacktrace">org.openqa.selenium.NoSuchElementException: no such element: Unable to locate element: {&quot;method&quot;:&quot;xpath&quot;,&quot;selector&quot;:&quot;//p[@class=&apos;cabc5f3cc c2a5c4bc6&apos;]&quot;}
  (Session info: MicrosoftEdge=136.0.3240.76)
For documentation on this error, please visit: https://www.selenium.dev/documentation/webdriver/troubleshooting/errors#no-such-element-exception
Build info: version: &apos;4.27.0&apos;, revision: &apos;d6e718d134&apos;
System info: os.name: &apos;Windows 11&apos;, os.arch: &apos;amd64&apos;, os.version: &apos;10.0&apos;, java.version: &apos;21.0.5&apos;
Driver info: org.openqa.selenium.edge.EdgeDriver
Command: [0526a24da2e31a9293acc01d7b965827, findElement {using=xpath, value=//p[@class=&apos;cabc5f3cc c2a5c4bc6&apos;]}]
Capabilities {acceptInsecureCerts: false, browserName: MicrosoftEdge, browserVersion: 136.0.3240.76, fedcm:accounts: true, ms:edgeOptions: {debuggerAddress: localhost:64873}, msedge: {msedgedriverVersion: 136.0.3240.76 (77e9ec69748f..., userDataDir: C:\Users\lenovo\AppData\Loc...}, networkConnectionEnabled: false, pageLoadStrategy: normal, platformName: windows, proxy: Proxy(), se:cdp: ws://localhost:64873/devtoo..., se:cdpVersion: 136.0.3240.76, setWindowRect: true, strictFileInteractability: false, timeouts: {implicit: 0, pageLoad: 300000, script: 30000}, unhandledPromptBehavior: dismiss and notify, webauthn:extension:credBlob: true, webauthn:extension:largeBlob: true, webauthn:extension:minPinLength: true, webauthn:extension:prf: true, webauthn:virtualAuthenticators: true}
Session ID: 0526a24da2e31a9293acc01d7b965827
	at org.openqa.selenium.remote.ErrorCodec.decode(ErrorCodec.java:167)
	at org.openqa.selenium.remote.codec.w3c.W3CHttpResponseCodec.decode(W3CHttpResponseCodec.java:138)
	at org.openqa.selenium.remote.codec.w3c.W3CHttpResponseCodec.decode(W3CHttpResponseCodec.java:50)
	at org.openqa.selenium.remote.HttpCommandExecutor.execute(HttpCommandExecutor.java:190)
	at org.openqa.selenium.remote.service.DriverCommandExecutor.invokeExecute(DriverCommandExecutor.java:216)
	at org.openqa.selenium.remote.service.DriverCommandExecutor.execute(DriverCommandExecutor.java:174)
	at org.openqa.selenium.remote.RemoteWebDriver.execute(RemoteWebDriver.java:545)
	at org.openqa.selenium.remote.ElementLocation$ElementFinder$2.findElement(ElementLocation.java:165)
	at org.openqa.selenium.remote.ElementLocation.findElement(ElementLocation.java:59)
	at org.openqa.selenium.remote.RemoteWebDriver.findElement(RemoteWebDriver.java:368)
	at org.openqa.selenium.remote.RemoteWebDriver.findElement(RemoteWebDriver.java:362)
	at org.openqa.selenium.support.pagefactory.DefaultElementLocator.findElement(DefaultElementLocator.java:68)
	at org.openqa.selenium.support.pagefactory.internal.LocatingElementHandler.invoke(LocatingElementHandler.java:38)
	at jdk.proxy2/jdk.proxy2.$Proxy10.getText(Unknown Source)
	at packageofairindiaproject.Airindia_Project.Login_InvalidCredentialsPage.invalidloginmsg(Login_InvalidCredentialsPage.java:30)
	at packageofairindiaproject.Airindia_Project.TestCase3_Login_InvalidCredentials.invalidlogincredentails(TestCase3_Login_InvalidCredentials.java:21)
	at java.base/java.util.ArrayList.forEach(ArrayList.java:1596)
... Removed 33 stack frames</div></td></tr></table><p class="totop"><a href="#summary">back to summary</a></p>
<h3 id="m1">packageofairindiaproject.Airindia_Project.TestCase7_Search_MultiCity#search_multicity</h3><table class="result"><tr><th>Messages</th></tr><tr><td><div class="messages">Testcase is failed</div></td></tr><tr><th>Exception</th></tr><tr><td><div class="stacktrace">java.lang.IndexOutOfBoundsException: Index 3 out of bounds for length 0
	at java.base/jdk.internal.util.Preconditions.outOfBounds(Preconditions.java:100)
	at java.base/jdk.internal.util.Preconditions.outOfBoundsCheckIndex(Preconditions.java:106)
	at java.base/jdk.internal.util.Preconditions.checkIndex(Preconditions.java:302)
	at java.base/java.util.Objects.checkIndex(Objects.java:385)
	at java.base/java.util.ArrayList.get(ArrayList.java:427)
	at org.openqa.selenium.support.pagefactory.internal.LocatingElementListHandler.invoke(LocatingElementListHandler.java:39)
	at jdk.proxy2/jdk.proxy2.$Proxy11.get(Unknown Source)
	at packageofairindiaproject.Airindia_Project.Search_FlightPage.multicity(Search_FlightPage.java:115)
	at packageofairindiaproject.Airindia_Project.TestCase7_Search_MultiCity.search_multicity(TestCase7_Search_MultiCity.java:18)
	at java.base/java.util.ArrayList.forEach(ArrayList.java:1596)
... Removed 32 stack frames</div></td></tr></table><p class="totop"><a href="#summary">back to summary</a></p>
<h3 id="m2">packageofairindiaproject.Airindia_Project.TestCase3_Login_InvalidCredentials#invalidlogincredentails</h3><table class="result"><tr><th>Exception</th></tr><tr><td><div class="stacktrace">org.openqa.selenium.NoSuchElementException: no such element: Unable to locate element: {&quot;method&quot;:&quot;xpath&quot;,&quot;selector&quot;:&quot;//p[@class=&apos;cabc5f3cc c2a5c4bc6&apos;]&quot;}
  (Session info: MicrosoftEdge=136.0.3240.76)
For documentation on this error, please visit: https://www.selenium.dev/documentation/webdriver/troubleshooting/errors#no-such-element-exception
Build info: version: &apos;4.27.0&apos;, revision: &apos;d6e718d134&apos;
System info: os.name: &apos;Windows 11&apos;, os.arch: &apos;amd64&apos;, os.version: &apos;10.0&apos;, java.version: &apos;21.0.5&apos;
Driver info: org.openqa.selenium.edge.EdgeDriver
Command: [0275ba042aeb41b9ff558c23d53fd25c, findElement {using=xpath, value=//p[@class=&apos;cabc5f3cc c2a5c4bc6&apos;]}]
Capabilities {acceptInsecureCerts: false, browserName: MicrosoftEdge, browserVersion: 136.0.3240.76, fedcm:accounts: true, ms:edgeOptions: {debuggerAddress: localhost:64486}, msedge: {msedgedriverVersion: 136.0.3240.76 (77e9ec69748f..., userDataDir: C:\Users\lenovo\AppData\Loc...}, networkConnectionEnabled: false, pageLoadStrategy: normal, platformName: windows, proxy: Proxy(), se:cdp: ws://localhost:64486/devtoo..., se:cdpVersion: 136.0.3240.76, setWindowRect: true, strictFileInteractability: false, timeouts: {implicit: 0, pageLoad: 300000, script: 30000}, unhandledPromptBehavior: dismiss and notify, webauthn:extension:credBlob: true, webauthn:extension:largeBlob: true, webauthn:extension:minPinLength: true, webauthn:extension:prf: true, webauthn:virtualAuthenticators: true}
Session ID: 0275ba042aeb41b9ff558c23d53fd25c
	at org.openqa.selenium.remote.ErrorCodec.decode(ErrorCodec.java:167)
	at org.openqa.selenium.remote.codec.w3c.W3CHttpResponseCodec.decode(W3CHttpResponseCodec.java:138)
	at org.openqa.selenium.remote.codec.w3c.W3CHttpResponseCodec.decode(W3CHttpResponseCodec.java:50)
	at org.openqa.selenium.remote.HttpCommandExecutor.execute(HttpCommandExecutor.java:190)
	at org.openqa.selenium.remote.service.DriverCommandExecutor.invokeExecute(DriverCommandExecutor.java:216)
	at org.openqa.selenium.remote.service.DriverCommandExecutor.execute(DriverCommandExecutor.java:174)
	at org.openqa.selenium.remote.RemoteWebDriver.execute(RemoteWebDriver.java:545)
	at org.openqa.selenium.remote.ElementLocation$ElementFinder$2.findElement(ElementLocation.java:165)
	at org.openqa.selenium.remote.ElementLocation.findElement(ElementLocation.java:59)
	at org.openqa.selenium.remote.RemoteWebDriver.findElement(RemoteWebDriver.java:368)
	at org.openqa.selenium.remote.RemoteWebDriver.findElement(RemoteWebDriver.java:362)
	at org.openqa.selenium.support.pagefactory.DefaultElementLocator.findElement(DefaultElementLocator.java:68)
	at org.openqa.selenium.support.pagefactory.internal.LocatingElementHandler.invoke(LocatingElementHandler.java:38)
	at jdk.proxy2/jdk.proxy2.$Proxy10.getText(Unknown Source)
	at packageofairindiaproject.Airindia_Project.Login_InvalidCredentialsPage.invalidloginmsg(Login_InvalidCredentialsPage.java:30)
	at packageofairindiaproject.Airindia_Project.TestCase3_Login_InvalidCredentials.invalidlogincredentails(TestCase3_Login_InvalidCredentials.java:21)
	at java.base/java.util.ArrayList.forEach(ArrayList.java:1596)
... Removed 33 stack frames</div></td></tr></table><p class="totop"><a href="#summary">back to summary</a></p>
<h3 id="m3">packageofairindiaproject.Airindia_Project.TestCase3_Login_InvalidCredentials#invalidlogincredentails</h3><table class="result"><tr><th>Exception</th></tr><tr><td><div class="stacktrace">org.openqa.selenium.NoSuchElementException: no such element: Unable to locate element: {&quot;method&quot;:&quot;xpath&quot;,&quot;selector&quot;:&quot;//p[@class=&apos;cabc5f3cc c2a5c4bc6&apos;]&quot;}
  (Session info: MicrosoftEdge=136.0.3240.76)
For documentation on this error, please visit: https://www.selenium.dev/documentation/webdriver/troubleshooting/errors#no-such-element-exception
Build info: version: &apos;4.27.0&apos;, revision: &apos;d6e718d134&apos;
System info: os.name: &apos;Windows 11&apos;, os.arch: &apos;amd64&apos;, os.version: &apos;10.0&apos;, java.version: &apos;21.0.5&apos;
Driver info: org.openqa.selenium.edge.EdgeDriver
Command: [e2e34535ab143ade6bedc05473460cd3, findElement {using=xpath, value=//p[@class=&apos;cabc5f3cc c2a5c4bc6&apos;]}]
Capabilities {acceptInsecureCerts: false, browserName: MicrosoftEdge, browserVersion: 136.0.3240.76, fedcm:accounts: true, ms:edgeOptions: {debuggerAddress: localhost:64389}, msedge: {msedgedriverVersion: 136.0.3240.76 (77e9ec69748f..., userDataDir: C:\Users\lenovo\AppData\Loc...}, networkConnectionEnabled: false, pageLoadStrategy: normal, platformName: windows, proxy: Proxy(), se:cdp: ws://localhost:64389/devtoo..., se:cdpVersion: 136.0.3240.76, setWindowRect: true, strictFileInteractability: false, timeouts: {implicit: 0, pageLoad: 300000, script: 30000}, unhandledPromptBehavior: dismiss and notify, webauthn:extension:credBlob: true, webauthn:extension:largeBlob: true, webauthn:extension:minPinLength: true, webauthn:extension:prf: true, webauthn:virtualAuthenticators: true}
Session ID: e2e34535ab143ade6bedc05473460cd3
	at org.openqa.selenium.remote.ErrorCodec.decode(ErrorCodec.java:167)
	at org.openqa.selenium.remote.codec.w3c.W3CHttpResponseCodec.decode(W3CHttpResponseCodec.java:138)
	at org.openqa.selenium.remote.codec.w3c.W3CHttpResponseCodec.decode(W3CHttpResponseCodec.java:50)
	at org.openqa.selenium.remote.HttpCommandExecutor.execute(HttpCommandExecutor.java:190)
	at org.openqa.selenium.remote.service.DriverCommandExecutor.invokeExecute(DriverCommandExecutor.java:216)
	at org.openqa.selenium.remote.service.DriverCommandExecutor.execute(DriverCommandExecutor.java:174)
	at org.openqa.selenium.remote.RemoteWebDriver.execute(RemoteWebDriver.java:545)
	at org.openqa.selenium.remote.ElementLocation$ElementFinder$2.findElement(ElementLocation.java:165)
	at org.openqa.selenium.remote.ElementLocation.findElement(ElementLocation.java:59)
	at org.openqa.selenium.remote.RemoteWebDriver.findElement(RemoteWebDriver.java:368)
	at org.openqa.selenium.remote.RemoteWebDriver.findElement(RemoteWebDriver.java:362)
	at org.openqa.selenium.support.pagefactory.DefaultElementLocator.findElement(DefaultElementLocator.java:68)
	at org.openqa.selenium.support.pagefactory.internal.LocatingElementHandler.invoke(LocatingElementHandler.java:38)
	at jdk.proxy2/jdk.proxy2.$Proxy10.getText(Unknown Source)
	at packageofairindiaproject.Airindia_Project.Login_InvalidCredentialsPage.invalidloginmsg(Login_InvalidCredentialsPage.java:30)
	at packageofairindiaproject.Airindia_Project.TestCase3_Login_InvalidCredentials.invalidlogincredentails(TestCase3_Login_InvalidCredentials.java:21)
	at java.base/java.util.ArrayList.forEach(ArrayList.java:1596)
... Removed 33 stack frames</div></td></tr></table><p class="totop"><a href="#summary">back to summary</a></p>
<h3 id="m4">packageofairindiaproject.Airindia_Project.TestCase7_Search_MultiCity#search_multicity</h3><table class="result"><tr><th>Exception</th></tr><tr><td><div class="stacktrace">java.lang.IndexOutOfBoundsException: Index 3 out of bounds for length 0
	at java.base/jdk.internal.util.Preconditions.outOfBounds(Preconditions.java:100)
	at java.base/jdk.internal.util.Preconditions.outOfBoundsCheckIndex(Preconditions.java:106)
	at java.base/jdk.internal.util.Preconditions.checkIndex(Preconditions.java:302)
	at java.base/java.util.Objects.checkIndex(Objects.java:385)
	at java.base/java.util.ArrayList.get(ArrayList.java:427)
	at org.openqa.selenium.support.pagefactory.internal.LocatingElementListHandler.invoke(LocatingElementListHandler.java:39)
	at jdk.proxy2/jdk.proxy2.$Proxy11.get(Unknown Source)
	at packageofairindiaproject.Airindia_Project.Search_FlightPage.multicity(Search_FlightPage.java:115)
	at packageofairindiaproject.Airindia_Project.TestCase7_Search_MultiCity.search_multicity(TestCase7_Search_MultiCity.java:18)
	at java.base/java.util.ArrayList.forEach(ArrayList.java:1596)
... Removed 32 stack frames</div></td></tr></table><p class="totop"><a href="#summary">back to summary</a></p>
<h3 id="m5">packageofairindiaproject.Airindia_Project.TestCase7_Search_MultiCity#search_multicity</h3><table class="result"><tr><th>Exception</th></tr><tr><td><div class="stacktrace">java.lang.IndexOutOfBoundsException: Index 3 out of bounds for length 0
	at java.base/jdk.internal.util.Preconditions.outOfBounds(Preconditions.java:100)
	at java.base/jdk.internal.util.Preconditions.outOfBoundsCheckIndex(Preconditions.java:106)
	at java.base/jdk.internal.util.Preconditions.checkIndex(Preconditions.java:302)
	at java.base/java.util.Objects.checkIndex(Objects.java:385)
	at java.base/java.util.ArrayList.get(ArrayList.java:427)
	at org.openqa.selenium.support.pagefactory.internal.LocatingElementListHandler.invoke(LocatingElementListHandler.java:39)
	at jdk.proxy2/jdk.proxy2.$Proxy11.get(Unknown Source)
	at packageofairindiaproject.Airindia_Project.Search_FlightPage.multicity(Search_FlightPage.java:115)
	at packageofairindiaproject.Airindia_Project.TestCase7_Search_MultiCity.search_multicity(TestCase7_Search_MultiCity.java:18)
	at java.base/java.util.ArrayList.forEach(ArrayList.java:1596)
... Removed 32 stack frames</div></td></tr></table><p class="totop"><a href="#summary">back to summary</a></p>
<h3 id="m6">packageofairindiaproject.Airindia_Project.TestCase1_Registration_Airindia#new_registration</h3><table class="result"><tr><th>Messages</th></tr><tr><td><div class="messages">Testcase is passed</div></td></tr></table><p class="totop"><a href="#summary">back to summary</a></p>
<h3 id="m7">packageofairindiaproject.Airindia_Project.TestCase2_Login_ValidCredentials#loginwithvalidcredentials</h3><table class="result"><tr><th>Messages</th></tr><tr><td><div class="messages">Testcase is passed</div></td></tr></table><p class="totop"><a href="#summary">back to summary</a></p>
<h3 id="m8">packageofairindiaproject.Airindia_Project.TestCase4_Search_OneWay#searchonewayflight</h3><table class="result"><tr><th>Messages</th></tr><tr><td><div class="messages">Testcase is passed</div></td></tr></table><p class="totop"><a href="#summary">back to summary</a></p>
<h3 id="m9">packageofairindiaproject.Airindia_Project.TestCase5_Search_TwoWays#searchroundtripflight</h3><table class="result"><tr><th>Messages</th></tr><tr><td><div class="messages">Testcase is passed</div></td></tr></table><p class="totop"><a href="#summary">back to summary</a></p>
<h3 id="m10">packageofairindiaproject.Airindia_Project.TestCase6_Search_Class#searchroundtripflight</h3><table class="result"><tr><th>Messages</th></tr><tr><td><div class="messages">Testcase is passed</div></td></tr></table><p class="totop"><a href="#summary">back to summary</a></p>
</body>
</html>
